2021-03-18 13:04:28.393  INFO 6008 --- [main] b.l.LogbackloggingApplicationTests       : Starting LogbackloggingApplicationTests using Java 11.0.10 on DESKTOP-CE1M55R with PID 6008 (started by Branko in D:\Branko\Udemy\Bhupendra Sharma\Spring Boot  Complete Guide From Development To Deployment\LogbackLogging)
2021-03-18 13:04:28.399  INFO 6008 --- [main] b.l.LogbackloggingApplicationTests       : No active profile set, falling back to default profiles: default
2021-03-18 13:04:28.458 DEBUG 6008 --- [main] o.s.w.c.s.GenericWebApplicationContext   : Refreshing org.springframework.web.context.support.GenericWebApplicationContext@c41709a
2021-03-18 13:04:30.566  INFO 6008 --- [main] o.s.s.concurrent.ThreadPoolTaskExecutor  : Initializing ExecutorService 'applicationTaskExecutor'
2021-03-18 13:04:30.600 DEBUG 6008 --- [main] s.w.s.m.m.a.RequestMappingHandlerAdapter : ControllerAdvice beans: 0 @ModelAttribute, 0 @InitBinder, 1 RequestBodyAdvice, 1 ResponseBodyAdvice
2021-03-18 13:04:30.785 DEBUG 6008 --- [main] s.w.s.m.m.a.RequestMappingHandlerMapping : 6 mappings in 'requestMappingHandlerMapping'
2021-03-18 13:04:30.930 DEBUG 6008 --- [main] o.s.w.s.handler.SimpleUrlHandlerMapping  : Patterns [/webjars/**, /**] in 'resourceHandlerMapping'
2021-03-18 13:04:30.960 DEBUG 6008 --- [main] .m.m.a.ExceptionHandlerExceptionResolver : ControllerAdvice beans: 0 @ExceptionHandler, 1 ResponseBodyAdvice
2021-03-18 13:04:31.141  INFO 6008 --- [main] b.l.LogbackloggingApplicationTests       : Started LogbackloggingApplicationTests in 3.382 seconds (JVM running for 5.512)
2021-03-18 13:04:31.873 DEBUG 6008 --- [SpringContextShutdownHook] o.s.w.c.s.GenericWebApplicationContext   : Closing org.springframework.web.context.support.GenericWebApplicationContext@c41709a, started on Thu Mar 18 13:04:28 CET 2021
2021-03-18 13:04:31.878  INFO 6008 --- [SpringContextShutdownHook] o.s.s.concurrent.ThreadPoolTaskExecutor  : Shutting down ExecutorService 'applicationTaskExecutor'
2021-03-18 16:10:48,289 INFO  [main] brankosaponjic.logbacklogging.LogbackloggingApplicationTests : Starting LogbackloggingApplicationTests using Java 11.0.10 on DESKTOP-CE1M55R with PID 15592 (started by Branko in D:\Branko\Udemy\Bhupendra Sharma\Spring Boot  Complete Guide From Development To Deployment\LogbackLogging)
2021-03-18 16:10:48,296 INFO  [main] brankosaponjic.logbacklogging.LogbackloggingApplicationTests : No active profile set, falling back to default profiles: default
2021-03-18 16:10:48,358 DEBUG [main] org.springframework.web.context.support.GenericWebApplicationContext : Refreshing org.springframework.web.context.support.GenericWebApplicationContext@2a7b6f69
2021-03-18 16:10:50,270 INFO  [main] org.springframework.scheduling.concurrent.ThreadPoolTaskExecutor : Initializing ExecutorService 'applicationTaskExecutor'
2021-03-18 16:10:50,294 DEBUG [main] org.springframework.web.servlet.mvc.method.annotation.RequestMappingHandlerAdapter : ControllerAdvice beans: 0 @ModelAttribute, 0 @InitBinder, 1 RequestBodyAdvice, 1 ResponseBodyAdvice
2021-03-18 16:10:50,500 DEBUG [main] org.springframework.web.servlet.mvc.method.annotation.RequestMappingHandlerMapping : 6 mappings in 'requestMappingHandlerMapping'
2021-03-18 16:10:50,611 DEBUG [main] org.springframework.web.servlet.handler.SimpleUrlHandlerMapping : Patterns [/webjars/**, /**] in 'resourceHandlerMapping'
2021-03-18 16:10:50,635 DEBUG [main] org.springframework.web.servlet.mvc.method.annotation.ExceptionHandlerExceptionResolver : ControllerAdvice beans: 0 @ExceptionHandler, 1 ResponseBodyAdvice
2021-03-18 16:10:50,826 INFO  [main] brankosaponjic.logbacklogging.LogbackloggingApplicationTests : Started LogbackloggingApplicationTests in 3.088 seconds (JVM running for 5.081)
2021-03-18 16:10:51,591 DEBUG [SpringContextShutdownHook] org.springframework.web.context.support.GenericWebApplicationContext : Closing org.springframework.web.context.support.GenericWebApplicationContext@2a7b6f69, started on Thu Mar 18 16:10:48 CET 2021
2021-03-18 16:10:51,598 INFO  [SpringContextShutdownHook] org.springframework.scheduling.concurrent.ThreadPoolTaskExecutor : Shutting down ExecutorService 'applicationTaskExecutor'
2021-03-18 16:18:52,607 INFO  [main] brankosaponjic.logbacklogging.LogbackloggingApplication : Starting LogbackloggingApplication using Java 11.0.10 on DESKTOP-CE1M55R with PID 14488 (D:\Branko\Udemy\Bhupendra Sharma\Spring Boot  Complete Guide From Development To Deployment\LogbackLogging\target\classes started by Branko in D:\Branko\Udemy\Bhupendra Sharma\Spring Boot  Complete Guide From Development To Deployment\LogbackLogging)
2021-03-18 16:18:52,612 INFO  [main] brankosaponjic.logbacklogging.LogbackloggingApplication : No active profile set, falling back to default profiles: default
2021-03-18 16:18:53,829 INFO  [main] org.springframework.boot.web.embedded.tomcat.TomcatWebServer : Tomcat initialized with port(s): 9090 (http)
2021-03-18 16:18:53,842 INFO  [main] org.apache.catalina.core.StandardService : Starting service [Tomcat]
2021-03-18 16:18:53,842 INFO  [main] org.apache.catalina.core.StandardEngine : Starting Servlet engine: [Apache Tomcat/9.0.44]
2021-03-18 16:18:53,943 INFO  [main] org.apache.catalina.core.ContainerBase.[Tomcat].[localhost].[/] : Initializing Spring embedded WebApplicationContext
2021-03-18 16:18:53,943 INFO  [main] org.springframework.boot.web.servlet.context.ServletWebServerApplicationContext : Root WebApplicationContext: initialization completed in 1267 ms
2021-03-18 16:18:54,220 INFO  [main] org.springframework.scheduling.concurrent.ThreadPoolTaskExecutor : Initializing ExecutorService 'applicationTaskExecutor'
2021-03-18 16:18:54,234 DEBUG [main] org.springframework.web.servlet.mvc.method.annotation.RequestMappingHandlerAdapter : ControllerAdvice beans: 0 @ModelAttribute, 0 @InitBinder, 1 RequestBodyAdvice, 1 ResponseBodyAdvice
2021-03-18 16:18:54,307 DEBUG [main] org.springframework.web.servlet.mvc.method.annotation.RequestMappingHandlerMapping : 6 mappings in 'requestMappingHandlerMapping'
2021-03-18 16:18:54,340 DEBUG [main] org.springframework.web.servlet.handler.SimpleUrlHandlerMapping : Patterns [/webjars/**, /**] in 'resourceHandlerMapping'
2021-03-18 16:18:54,351 DEBUG [main] org.springframework.web.servlet.mvc.method.annotation.ExceptionHandlerExceptionResolver : ControllerAdvice beans: 0 @ExceptionHandler, 1 ResponseBodyAdvice
2021-03-18 16:18:54,481 INFO  [main] org.springframework.boot.web.embedded.tomcat.TomcatWebServer : Tomcat started on port(s): 9090 (http) with context path ''
2021-03-18 16:18:54,505 INFO  [main] brankosaponjic.logbacklogging.LogbackloggingApplication : Started LogbackloggingApplication in 2.554 seconds (JVM running for 3.994)
